<?xml version="1.0" encoding="UTF-8"?>
<!-- Generated by org.testng.reporters.JUnitReportReporter -->
<testsuite hostname="diegomgt" name="com.diego.frescoplay.learning_linkedin.todoEnUno" tests="1" failures="0" timestamp="27 Dec 2020 18:27:59 GMT" time="9.977" errors="0">
  <testcase name="test" time="9.977" classname="com.diego.frescoplay.learning_linkedin.todoEnUno"/>
</testsuite> <!-- com.diego.frescoplay.learning_linkedin.todoEnUno -->
