<?xml version="1.0" encoding="UTF-8"?>
<!-- Generated by org.testng.reporters.JUnitReportReporter -->
<testsuite hostname="diegomgt" name="com.diego.frescoplay.poi.GoogleSearch" tests="5" failures="0" timestamp="22 Dec 2020 23:49:59 GMT" time="46.039" errors="0">
  <testcase name="test" time="6.793" classname="com.diego.frescoplay.poi.GoogleSearch"/>
  <testcase name="test" time="8.213" classname="com.diego.frescoplay.poi.GoogleSearch"/>
  <testcase name="test" time="13.769" classname="com.diego.frescoplay.poi.GoogleSearch"/>
  <testcase name="test" time="9.549" classname="com.diego.frescoplay.poi.GoogleSearch"/>
  <testcase name="test" time="7.715" classname="com.diego.frescoplay.poi.GoogleSearch"/>
</testsuite> <!-- com.diego.frescoplay.poi.GoogleSearch -->
