<?xml version="1.0" encoding="UTF-8"?>
<!-- Generated by org.testng.reporters.JUnitReportReporter -->
<testsuite hostname="diegomgt" name="com.diego.frescoplay.learning_linkedin.FileUpload" tests="1" failures="0" timestamp="27 Dec 2020 14:19:06 GMT" time="11.403" errors="0">
  <testcase name="test2" time="11.403" classname="com.diego.frescoplay.learning_linkedin.FileUpload"/>
</testsuite> <!-- com.diego.frescoplay.learning_linkedin.FileUpload -->
