<?xml version="1.0" encoding="UTF-8"?>
<!-- Generated by org.testng.reporters.JUnitReportReporter -->
<testsuite hostname="diegomgt" name="com.diego.frescoplay.testng" tests="2" failures="0" timestamp="15 Dec 2020 06:49:00 GMT" time="0.009" errors="0">
  <testcase name="test2" time="0.003" classname="com.diego.frescoplay.testng"/>
  <testcase name="test1" time="0.006" classname="com.diego.frescoplay.testng"/>
</testsuite> <!-- com.diego.frescoplay.testng -->
