<?xml version="1.0" encoding="UTF-8"?>
<!-- Generated by org.testng.reporters.JUnitReportReporter -->
<testsuite hostname="diegomgt" name="com.diego.frescoplay.learning_linkedin.RadioButtonsAndCheckboxes" tests="2" failures="0" timestamp="27 Dec 2020 13:44:28 GMT" time="23.529" errors="0">
  <testcase name="radioButtons" time="11.171" classname="com.diego.frescoplay.learning_linkedin.RadioButtonsAndCheckboxes"/>
  <testcase name="Checkboxes" time="12.358" classname="com.diego.frescoplay.learning_linkedin.RadioButtonsAndCheckboxes"/>
</testsuite> <!-- com.diego.frescoplay.learning_linkedin.RadioButtonsAndCheckboxes -->
